Using pre-set license
Built from '2020.3/staging' branch; Version is '2020.3.25f1 (9b9180224418) revision 10195328'; Using compiler version '192528614'; Build Type 'Release'
OS: 'Windows 10  (10.0.19041) 64bit Enterprise' Language: 'en' Physical Memory: 16212 MB
BatchMode: 1, IsHumanControllingUs: 0, StartBugReporterOnCrash: 0, Is64bit: 1, IsPro: 0

COMMAND LINE ARGUMENTS:
C:\Program Files\Unity\Hub\Editor\2020.3.25f1\Editor\Unity.exe
-adb2
-batchMode
-noUpm
-name
AssetImportWorker0
-projectPath
C:/Users/lkmet/Documents/GitHub/OneShot/OneShot
-logFile
Logs/AssetImportWorker0.log
-srvPort
54450
Successfully changed project path to: C:/Users/lkmet/Documents/GitHub/OneShot/OneShot
C:/Users/lkmet/Documents/GitHub/OneShot/OneShot
Using Asset Import Pipeline V2.
Refreshing native plugins compatible for Editor in 59.47 ms, found 3 plugins.
Preloading 0 native plugins for Editor in 0.00 ms.
Initialize engine version: 2020.3.25f1 (9b9180224418)
[Subsystems] Discovering subsystems at path C:/Program Files/Unity/Hub/Editor/2020.3.25f1/Editor/Data/Resources/UnitySubsystems
[Subsystems] Discovering subsystems at path C:/Users/lkmet/Documents/GitHub/OneShot/OneShot/Assets
GfxDevice: creating device client; threaded=0
Direct3D:
    Version:  Direct3D 11.0 [level 11.1]
    Renderer: Intel(R) UHD Graphics 620 (ID=0x5917)
    Vendor:   
    VRAM:     8106 MB
    Driver:   27.20.100.8681
Initialize mono
Mono path[0] = 'C:/Program Files/Unity/Hub/Editor/2020.3.25f1/Editor/Data/Managed'
Mono path[1] = 'C:/Program Files/Unity/Hub/Editor/2020.3.25f1/Editor/Data/MonoBleedingEdge/lib/mono/unityjit'
Mono config path = 'C:/Program Files/Unity/Hub/Editor/2020.3.25f1/Editor/Data/MonoBleedingEdge/etc'
Using monoOptions --debugger-agent=transport=dt_socket,embedding=1,server=y,suspend=n,address=127.0.0.1:56376
Begin MonoManager ReloadAssembly
Registering precompiled unity dll's ...
Register platform support module: C:/Program Files/Unity/Hub/Editor/2020.3.25f1/Editor/Data/PlaybackEngines/WindowsStandaloneSupport/UnityEditor.WindowsStandalone.Extensions.dll
Registered in 0.003111 seconds.
Native extension for WindowsStandalone target not found
Refreshing native plugins compatible for Editor in 56.29 ms, found 3 plugins.
Preloading 0 native plugins for Editor in 0.00 ms.
Mono: successfully reloaded assembly
- Completed reload, in  0.733 seconds
Domain Reload Profiling:
	ReloadAssembly (734ms)
		BeginReloadAssembly (67ms)
			ExecutionOrderSort (0ms)
			DisableScriptedObjects (0ms)
			BackupInstance (0ms)
			ReleaseScriptingObjects (0ms)
			CreateAndSetChildDomain (1ms)
		EndReloadAssembly (581ms)
			LoadAssemblies (64ms)
			RebuildTransferFunctionScriptingTraits (0ms)
			SetupTypeCache (192ms)
			ReleaseScriptCaches (0ms)
			RebuildScriptCaches (42ms)
			SetupLoadedEditorAssemblies (207ms)
				LogAssemblyErrors (0ms)
				InitializePlatformSupportModulesInManaged (5ms)
				SetLoadedEditorAssemblies (0ms)
				RefreshPlugins (56ms)
				BeforeProcessingInitializeOnLoad (20ms)
				ProcessInitializeOnLoadAttributes (93ms)
				ProcessInitializeOnLoadMethodAttributes (32ms)
				AfterProcessingInitializeOnLoad (0ms)
				EditorAssembliesLoaded (0ms)
			ExecutionOrderSort2 (0ms)
			AwakeInstancesAfterBackupRestoration (0ms)
Platform modules already initialized, skipping
Registering precompiled user dll's ...
Registered in 0.012621 seconds.
Begin MonoManager ReloadAssembly
Native extension for WindowsStandalone target not found
Refreshing native plugins compatible for Editor in 53.32 ms, found 3 plugins.
Preloading 0 native plugins for Editor in 0.00 ms.
Mono: successfully reloaded assembly
- Completed reload, in  1.405 seconds
Domain Reload Profiling:
	ReloadAssembly (1407ms)
		BeginReloadAssembly (166ms)
			ExecutionOrderSort (0ms)
			DisableScriptedObjects (5ms)
			BackupInstance (0ms)
			ReleaseScriptingObjects (0ms)
			CreateAndSetChildDomain (21ms)
		EndReloadAssembly (1170ms)
			LoadAssemblies (119ms)
			RebuildTransferFunctionScriptingTraits (0ms)
			SetupTypeCache (366ms)
			ReleaseScriptCaches (0ms)
			RebuildScriptCaches (58ms)
			SetupLoadedEditorAssemblies (476ms)
				LogAssemblyErrors (0ms)
				InitializePlatformSupportModulesInManaged (4ms)
				SetLoadedEditorAssemblies (0ms)
				RefreshPlugins (53ms)
				BeforeProcessingInitializeOnLoad (104ms)
				ProcessInitializeOnLoadAttributes (263ms)
				ProcessInitializeOnLoadMethodAttributes (37ms)
				AfterProcessingInitializeOnLoad (14ms)
				EditorAssembliesLoaded (0ms)
			ExecutionOrderSort2 (0ms)
			AwakeInstancesAfterBackupRestoration (10ms)
Platform modules already initialized, skipping
========================================================================
Worker process is ready to serve import requests
Launched and connected shader compiler UnityShaderCompiler.exe after 0.08 seconds
Refreshing native plugins compatible for Editor in 0.54 ms, found 3 plugins.
Preloading 0 native plugins for Editor in 0.00 ms.
Unloading 2206 Unused Serialized files (Serialized files now loaded: 0)
System memory in use before: 96.2 MB.
System memory in use after: 96.3 MB.

Unloading 27 unused Assets to reduce memory usage. Loaded Objects now: 2642.
Total: 3.502500 ms (FindLiveObjects: 0.239300 ms CreateObjectMapping: 0.107300 ms MarkObjects: 3.126400 ms  DeleteObjects: 0.027900 ms)

AssetImportParameters requested are different than current active one (requested -> active):
  custom:framework-win-MediaFoundation: 216162199b28c13a410421893ffa2e32 -> 
  custom:video-decoder-ogg-theora: a1e56fd34408186e4bbccfd4996cb3dc -> 
  custom:container-muxer-webm: aa71ff27fc2769a1b78a27578f13a17b -> 
  custom:container-demuxer-webm: 4f35f7cbe854078d1ac9338744f61a02 -> 
  custom:container-demuxer-ogg: 62fdf1f143b41e24485cea50d1cbac27 -> 
  custom:video-encoder-webm-vp8: eb34c28f22e8b96e1ab97ce403110664 -> 
  custom:video-decoder-webm-vp8: 9c59270c3fd7afecdb556c50c9e8de78 -> 
  custom:audio-decoder-ogg-vorbis: bf7c407c2cedff20999df2af8eb42d56 -> 
  custom:audio-encoder-webm-vorbis: bf7c407c2cedff20999df2af8eb42d56 -> 
========================================================================
Received Import Request.
  path: Assets/Prefabs/Cannoneer.prefab
  artifactKey: Guid(11c17ae75a974bd4089b02c7aa2b242f) Importer(815301076,1909f56bfc062723c751e8b465ee728b)
Start importing Assets/Prefabs/Cannoneer.prefab using Guid(11c17ae75a974bd4089b02c7aa2b242f) Importer(815301076,1909f56bfc062723c751e8b465ee728b)  -> (artifact id: 'd06d6632ae280244d4fd9d846c32cadd') in 0.095106 seconds 
  Import took 0.099179 seconds .

========================================================================
Received Import Request.
  Time since last request: 8.701975 seconds.
  path: Assets/Prefabs/Cannoneer.prefab
  artifactKey: Guid(11c17ae75a974bd4089b02c7aa2b242f) Importer(815301076,1909f56bfc062723c751e8b465ee728b)
Start importing Assets/Prefabs/Cannoneer.prefab using Guid(11c17ae75a974bd4089b02c7aa2b242f) Importer(815301076,1909f56bfc062723c751e8b465ee728b)  -> (artifact id: '9443f1ccbd7e7ab2444e66f683116375') in 0.008206 seconds 
  Import took 0.013464 seconds .

========================================================================
Received Import Request.
  Time since last request: 11.770735 seconds.
  path: Assets/Prefabs/Cannoneer.prefab
  artifactKey: Guid(11c17ae75a974bd4089b02c7aa2b242f) Importer(815301076,1909f56bfc062723c751e8b465ee728b)
Start importing Assets/Prefabs/Cannoneer.prefab using Guid(11c17ae75a974bd4089b02c7aa2b242f) Importer(815301076,1909f56bfc062723c751e8b465ee728b)  -> (artifact id: '2639615da3a66eeb2646a0315e82309b') in 0.015912 seconds 
  Import took 0.025378 seconds .

========================================================================
Received Import Request.
  Time since last request: 12.953435 seconds.
  path: Assets/Prefabs/Cannoneer.prefab
  artifactKey: Guid(11c17ae75a974bd4089b02c7aa2b242f) Importer(815301076,1909f56bfc062723c751e8b465ee728b)
Start importing Assets/Prefabs/Cannoneer.prefab using Guid(11c17ae75a974bd4089b02c7aa2b242f) Importer(815301076,1909f56bfc062723c751e8b465ee728b)  -> (artifact id: '2b12505a7ef077ed1be73090a45b0e91') in 0.012912 seconds 
  Import took 0.020026 seconds .

========================================================================
Received Import Request.
  Time since last request: 2.493981 seconds.
  path: Assets/Prefabs/Cannoneer.prefab
  artifactKey: Guid(11c17ae75a974bd4089b02c7aa2b242f) Importer(815301076,1909f56bfc062723c751e8b465ee728b)
Start importing Assets/Prefabs/Cannoneer.prefab using Guid(11c17ae75a974bd4089b02c7aa2b242f) Importer(815301076,1909f56bfc062723c751e8b465ee728b)  -> (artifact id: '70a8fee44bc87d6cc3c5a6e541374154') in 0.045149 seconds 
  Import took 0.071981 seconds .

========================================================================
Received Import Request.
  Time since last request: 14.971360 seconds.
  path: Assets/Prefabs/Cannoneer.prefab
  artifactKey: Guid(11c17ae75a974bd4089b02c7aa2b242f) Importer(815301076,1909f56bfc062723c751e8b465ee728b)
Start importing Assets/Prefabs/Cannoneer.prefab using Guid(11c17ae75a974bd4089b02c7aa2b242f) Importer(815301076,1909f56bfc062723c751e8b465ee728b)  -> (artifact id: '8109c09814e4210247e0425b2d96915e') in 0.115813 seconds 
  Import took 0.127753 seconds .

========================================================================
Received Import Request.
  Time since last request: 14.319432 seconds.
  path: Assets/Prefabs/Cannoneer.prefab
  artifactKey: Guid(11c17ae75a974bd4089b02c7aa2b242f) Importer(815301076,1909f56bfc062723c751e8b465ee728b)
Start importing Assets/Prefabs/Cannoneer.prefab using Guid(11c17ae75a974bd4089b02c7aa2b242f) Importer(815301076,1909f56bfc062723c751e8b465ee728b)  -> (artifact id: 'a4d4731c1d11d9d3635d522516236c89') in 0.030684 seconds 
  Import took 0.041889 seconds .

========================================================================
Received Import Request.
  Time since last request: 11.526971 seconds.
  path: Assets/Prefabs/Cannoneer.prefab
  artifactKey: Guid(11c17ae75a974bd4089b02c7aa2b242f) Importer(815301076,1909f56bfc062723c751e8b465ee728b)
Start importing Assets/Prefabs/Cannoneer.prefab using Guid(11c17ae75a974bd4089b02c7aa2b242f) Importer(815301076,1909f56bfc062723c751e8b465ee728b)  -> (artifact id: '02e62b1dfb5ff1b7a49bf222a5bf5b58') in 0.049408 seconds 
  Import took 0.074545 seconds .

========================================================================
Received Import Request.
  Time since last request: 2.897864 seconds.
  path: Assets/Prefabs/Cannoneer.prefab
  artifactKey: Guid(11c17ae75a974bd4089b02c7aa2b242f) Importer(815301076,1909f56bfc062723c751e8b465ee728b)
Start importing Assets/Prefabs/Cannoneer.prefab using Guid(11c17ae75a974bd4089b02c7aa2b242f) Importer(815301076,1909f56bfc062723c751e8b465ee728b)  -> (artifact id: '6998c90e039b5bd2d7f03a9e2b974f7a') in 0.022656 seconds 
  Import took 0.031646 seconds .

========================================================================
Received Import Request.
  Time since last request: 1.747527 seconds.
  path: Assets/Prefabs/Cannoneer.prefab
  artifactKey: Guid(11c17ae75a974bd4089b02c7aa2b242f) Importer(815301076,1909f56bfc062723c751e8b465ee728b)
Start importing Assets/Prefabs/Cannoneer.prefab using Guid(11c17ae75a974bd4089b02c7aa2b242f) Importer(815301076,1909f56bfc062723c751e8b465ee728b)  -> (artifact id: '4827d3cbc7bf73e6c782da56dea12ee5') in 0.039676 seconds 
  Import took 0.051588 seconds .

========================================================================
Received Import Request.
  Time since last request: 1.531423 seconds.
  path: Assets/Prefabs/Cannoneer.prefab
  artifactKey: Guid(11c17ae75a974bd4089b02c7aa2b242f) Importer(815301076,1909f56bfc062723c751e8b465ee728b)
Start importing Assets/Prefabs/Cannoneer.prefab using Guid(11c17ae75a974bd4089b02c7aa2b242f) Importer(815301076,1909f56bfc062723c751e8b465ee728b)  -> (artifact id: '192a51bf1ab794de9c8f034107b511dd') in 0.015288 seconds 
  Import took 0.021761 seconds .

========================================================================
Received Import Request.
  Time since last request: 27.672616 seconds.
  path: Assets/Prefabs/Cannoneer.prefab
  artifactKey: Guid(11c17ae75a974bd4089b02c7aa2b242f) Importer(815301076,1909f56bfc062723c751e8b465ee728b)
Start importing Assets/Prefabs/Cannoneer.prefab using Guid(11c17ae75a974bd4089b02c7aa2b242f) Importer(815301076,1909f56bfc062723c751e8b465ee728b)  -> (artifact id: '176e23bddc387378e631e10679f4191a') in 0.031540 seconds 
  Import took 0.042892 seconds .

========================================================================
Received Import Request.
  Time since last request: 18.943335 seconds.
  path: Assets/Prefabs/Cannoneer.prefab
  artifactKey: Guid(11c17ae75a974bd4089b02c7aa2b242f) Importer(815301076,1909f56bfc062723c751e8b465ee728b)
Start importing Assets/Prefabs/Cannoneer.prefab using Guid(11c17ae75a974bd4089b02c7aa2b242f) Importer(815301076,1909f56bfc062723c751e8b465ee728b)  -> (artifact id: 'a6289be9c0914946a200c64e0d6b0d8b') in 0.037296 seconds 
  Import took 0.051054 seconds .

========================================================================
Received Import Request.
  Time since last request: 9.731230 seconds.
  path: Assets/Prefabs/Cannoneer.prefab
  artifactKey: Guid(11c17ae75a974bd4089b02c7aa2b242f) Importer(815301076,1909f56bfc062723c751e8b465ee728b)
Start importing Assets/Prefabs/Cannoneer.prefab using Guid(11c17ae75a974bd4089b02c7aa2b242f) Importer(815301076,1909f56bfc062723c751e8b465ee728b)  -> (artifact id: 'ad4c50c8afb56c047a024d2c144bc63b') in 0.023880 seconds 
  Import took 0.032681 seconds .

========================================================================
Received Import Request.
  Time since last request: 21.620614 seconds.
  path: Assets/Prefabs/Cannoneer.prefab
  artifactKey: Guid(11c17ae75a974bd4089b02c7aa2b242f) Importer(815301076,1909f56bfc062723c751e8b465ee728b)
Start importing Assets/Prefabs/Cannoneer.prefab using Guid(11c17ae75a974bd4089b02c7aa2b242f) Importer(815301076,1909f56bfc062723c751e8b465ee728b)  -> (artifact id: '15b728efff98c65f325bcb03574e8f50') in 0.018546 seconds 
  Import took 0.025538 seconds .

========================================================================
Received Import Request.
  Time since last request: 3.210493 seconds.
  path: Assets/Prefabs/Cannoneer.prefab
  artifactKey: Guid(11c17ae75a974bd4089b02c7aa2b242f) Importer(815301076,1909f56bfc062723c751e8b465ee728b)
Start importing Assets/Prefabs/Cannoneer.prefab using Guid(11c17ae75a974bd4089b02c7aa2b242f) Importer(815301076,1909f56bfc062723c751e8b465ee728b)  -> (artifact id: '2f5a5b6031920917aa6f9f231226fc5c') in 0.038613 seconds 
  Import took 0.055523 seconds .

========================================================================
Received Import Request.
  Time since last request: 17.538250 seconds.
  path: Assets/Prefabs/Cannoneer.prefab
  artifactKey: Guid(11c17ae75a974bd4089b02c7aa2b242f) Importer(815301076,1909f56bfc062723c751e8b465ee728b)
Start importing Assets/Prefabs/Cannoneer.prefab using Guid(11c17ae75a974bd4089b02c7aa2b242f) Importer(815301076,1909f56bfc062723c751e8b465ee728b)  -> (artifact id: '0dd79e6f535ad829a584e543fb017177') in 0.017851 seconds 
  Import took 0.023953 seconds .

========================================================================
Received Import Request.
  Time since last request: 45.456053 seconds.
  path: Assets/Prefabs/Cannoneer.prefab
  artifactKey: Guid(11c17ae75a974bd4089b02c7aa2b242f) Importer(815301076,1909f56bfc062723c751e8b465ee728b)
Start importing Assets/Prefabs/Cannoneer.prefab using Guid(11c17ae75a974bd4089b02c7aa2b242f) Importer(815301076,1909f56bfc062723c751e8b465ee728b)  -> (artifact id: '93206c14a6c749cd61926028fc00b0ec') in 0.027023 seconds 
  Import took 0.037532 seconds .

========================================================================
Received Import Request.
  Time since last request: 9.626537 seconds.
  path: Assets/Prefabs/Cannoneer.prefab
  artifactKey: Guid(11c17ae75a974bd4089b02c7aa2b242f) Importer(815301076,1909f56bfc062723c751e8b465ee728b)
Start importing Assets/Prefabs/Cannoneer.prefab using Guid(11c17ae75a974bd4089b02c7aa2b242f) Importer(815301076,1909f56bfc062723c751e8b465ee728b)  -> (artifact id: '04f4e1c326d2219dcfe73f0e2a20cb9e') in 0.018828 seconds 
  Import took 0.026072 seconds .

========================================================================
Received Import Request.
  Time since last request: 6.265514 seconds.
  path: Assets/Prefabs/Cannoneer.prefab
  artifactKey: Guid(11c17ae75a974bd4089b02c7aa2b242f) Importer(815301076,1909f56bfc062723c751e8b465ee728b)
Start importing Assets/Prefabs/Cannoneer.prefab using Guid(11c17ae75a974bd4089b02c7aa2b242f) Importer(815301076,1909f56bfc062723c751e8b465ee728b)  -> (artifact id: '4c6181fba40e27b7a988307841ef5f62') in 0.036504 seconds 
  Import took 0.048801 seconds .

========================================================================
Received Import Request.
  Time since last request: 4.053169 seconds.
  path: Assets/Prefabs/Cannoneer.prefab
  artifactKey: Guid(11c17ae75a974bd4089b02c7aa2b242f) Importer(815301076,1909f56bfc062723c751e8b465ee728b)
Start importing Assets/Prefabs/Cannoneer.prefab using Guid(11c17ae75a974bd4089b02c7aa2b242f) Importer(815301076,1909f56bfc062723c751e8b465ee728b)  -> (artifact id: '3c537047647e60096469b734fece7286') in 0.022836 seconds 
  Import took 0.030703 seconds .

========================================================================
Received Import Request.
  Time since last request: 32.261507 seconds.
  path: Assets/Prefabs/Cannoneer.prefab
  artifactKey: Guid(11c17ae75a974bd4089b02c7aa2b242f) Importer(815301076,1909f56bfc062723c751e8b465ee728b)
Start importing Assets/Prefabs/Cannoneer.prefab using Guid(11c17ae75a974bd4089b02c7aa2b242f) Importer(815301076,1909f56bfc062723c751e8b465ee728b)  -> (artifact id: '06cae28d264441d42afa427d1bd56b02') in 0.025143 seconds 
  Import took 0.033043 seconds .

========================================================================
Received Import Request.
  Time since last request: 2.772143 seconds.
  path: Packages/com.unity.2d.animation/Editor/Assets/SkinningModule/Icons/Light/Generate_Weights@4x.png
  artifactKey: Guid(a56b84f780e8aef439e9a83d60ca7420) Importer(815301076,1909f56bfc062723c751e8b465ee728b)
Start importing Packages/com.unity.2d.animation/Editor/Assets/SkinningModule/Icons/Light/Generate_Weights@4x.png using Guid(a56b84f780e8aef439e9a83d60ca7420) Importer(815301076,1909f56bfc062723c751e8b465ee728b)  -> (artifact id: '84ea1e5671cde7dabde86f1e26f95e16') in 0.214011 seconds 
  Import took 0.220719 seconds .

========================================================================
Received Import Request.
  Time since last request: 0.000386 seconds.
  path: Packages/com.unity.collab-proxy/Editor/PlasticSCM/Assets/Images/iconaddedlocal@2x.png
  artifactKey: Guid(a67b58d6cddcd4345b1e001340de5a76) Importer(815301076,1909f56bfc062723c751e8b465ee728b)
Start importing Packages/com.unity.collab-proxy/Editor/PlasticSCM/Assets/Images/iconaddedlocal@2x.png using Guid(a67b58d6cddcd4345b1e001340de5a76) Importer(815301076,1909f56bfc062723c751e8b465ee728b)  -> (artifact id: '4ff8e83f6d79c5f56e0ff34a3b6da46b') in 0.031167 seconds 
  Import took 0.037735 seconds .

========================================================================
Received Import Request.
  Time since last request: 0.000380 seconds.
  path: Packages/com.unity.collab-proxy/Editor/PlasticSCM/Assets/Images/iconadded.png
  artifactKey: Guid(1196e728cbc6c25429f25431acabb4d1) Importer(815301076,1909f56bfc062723c751e8b465ee728b)
Start importing Packages/com.unity.collab-proxy/Editor/PlasticSCM/Assets/Images/iconadded.png using Guid(1196e728cbc6c25429f25431acabb4d1) Importer(815301076,1909f56bfc062723c751e8b465ee728b)  -> (artifact id: '185f156247f86fadba7f7d2c8fc085f2') in 0.030811 seconds 
  Import took 0.035696 seconds .

========================================================================
Received Import Request.
  Time since last request: 0.000509 seconds.
  path: Packages/com.unity.collab-proxy/Editor/PlasticSCM/Assets/Images/iconaddedlocal.png
  artifactKey: Guid(9a1ab8af8c446204e989a90f18305caf) Importer(815301076,1909f56bfc062723c751e8b465ee728b)
Start importing Packages/com.unity.collab-proxy/Editor/PlasticSCM/Assets/Images/iconaddedlocal.png using Guid(9a1ab8af8c446204e989a90f18305caf) Importer(815301076,1909f56bfc062723c751e8b465ee728b)  -> (artifact id: '650f779a5f05e5b3ff19b2be5bd283a7') in 0.024381 seconds 
  Import took 0.029991 seconds .

========================================================================
Received Import Request.
  Time since last request: 0.000450 seconds.
  path: Packages/com.unity.2d.animation/Editor/Assets/SkinningModule/Icons/Selected/Generate_Weights@4x.png
  artifactKey: Guid(ea292d445b1c4cb48897511cd9453f1c) Importer(815301076,1909f56bfc062723c751e8b465ee728b)
Start importing Packages/com.unity.2d.animation/Editor/Assets/SkinningModule/Icons/Selected/Generate_Weights@4x.png using Guid(ea292d445b1c4cb48897511cd9453f1c) Importer(815301076,1909f56bfc062723c751e8b465ee728b)  -> (artifact id: '89aac5031eef5ae0f94f3067b285ab71') in 0.020724 seconds 
  Import took 0.026418 seconds .

========================================================================
Received Import Request.
  Time since last request: 11.011387 seconds.
  path: Assets/Prefabs/Cannoneer.prefab
  artifactKey: Guid(11c17ae75a974bd4089b02c7aa2b242f) Importer(815301076,1909f56bfc062723c751e8b465ee728b)
Start importing Assets/Prefabs/Cannoneer.prefab using Guid(11c17ae75a974bd4089b02c7aa2b242f) Importer(815301076,1909f56bfc062723c751e8b465ee728b)  -> (artifact id: '5af31d3a6268448609f8e5d6848c11cc') in 0.019423 seconds 
  Import took 0.025116 seconds .

========================================================================
Received Import Request.
  Time since last request: 23.969123 seconds.
  path: Assets/Prefabs/Cannoneer.prefab
  artifactKey: Guid(11c17ae75a974bd4089b02c7aa2b242f) Importer(815301076,1909f56bfc062723c751e8b465ee728b)
Start importing Assets/Prefabs/Cannoneer.prefab using Guid(11c17ae75a974bd4089b02c7aa2b242f) Importer(815301076,1909f56bfc062723c751e8b465ee728b)  -> (artifact id: '3a5c80e6de66d53312242546e40cb66b') in 0.024183 seconds 
  Import took 0.029169 seconds .

========================================================================
Received Import Request.
  Time since last request: 3.298887 seconds.
  path: Assets/Prefabs/Cannoneer.prefab
  artifactKey: Guid(11c17ae75a974bd4089b02c7aa2b242f) Importer(815301076,1909f56bfc062723c751e8b465ee728b)
Start importing Assets/Prefabs/Cannoneer.prefab using Guid(11c17ae75a974bd4089b02c7aa2b242f) Importer(815301076,1909f56bfc062723c751e8b465ee728b)  -> (artifact id: 'ac1323e50cdb5aedb42c853ed3cfb339') in 0.023950 seconds 
  Import took 0.031647 seconds .

========================================================================
Received Import Request.
  Time since last request: 6.072590 seconds.
  path: Assets/Prefabs/Cannoneer.prefab
  artifactKey: Guid(11c17ae75a974bd4089b02c7aa2b242f) Importer(815301076,1909f56bfc062723c751e8b465ee728b)
Start importing Assets/Prefabs/Cannoneer.prefab using Guid(11c17ae75a974bd4089b02c7aa2b242f) Importer(815301076,1909f56bfc062723c751e8b465ee728b)  -> (artifact id: '4120a3f5b417ae4f9f276f1efc619932') in 0.020955 seconds 
  Import took 0.029459 seconds .

========================================================================
Received Import Request.
  Time since last request: 9.075078 seconds.
  path: Assets/Prefabs/Cannoneer.prefab
  artifactKey: Guid(11c17ae75a974bd4089b02c7aa2b242f) Importer(815301076,1909f56bfc062723c751e8b465ee728b)
Start importing Assets/Prefabs/Cannoneer.prefab using Guid(11c17ae75a974bd4089b02c7aa2b242f) Importer(815301076,1909f56bfc062723c751e8b465ee728b)  -> (artifact id: 'fbfe0271734bf5ca1e862ededfbaa32d') in 0.016492 seconds 
  Import took 0.021030 seconds .

========================================================================
Received Import Request.
  Time since last request: 13.836749 seconds.
  path: Assets/Prefabs/Cannoneer.prefab
  artifactKey: Guid(11c17ae75a974bd4089b02c7aa2b242f) Importer(815301076,1909f56bfc062723c751e8b465ee728b)
Start importing Assets/Prefabs/Cannoneer.prefab using Guid(11c17ae75a974bd4089b02c7aa2b242f) Importer(815301076,1909f56bfc062723c751e8b465ee728b)  -> (artifact id: '732c3f17763b97f86cd6a2fcdd968428') in 0.027545 seconds 
  Import took 0.040437 seconds .

========================================================================
Received Import Request.
  Time since last request: 11.534817 seconds.
  path: Assets/Prefabs/Cannoneer.prefab
  artifactKey: Guid(11c17ae75a974bd4089b02c7aa2b242f) Importer(815301076,1909f56bfc062723c751e8b465ee728b)
Start importing Assets/Prefabs/Cannoneer.prefab using Guid(11c17ae75a974bd4089b02c7aa2b242f) Importer(815301076,1909f56bfc062723c751e8b465ee728b)  -> (artifact id: '64c47d56f1ce4d4e02fe02c1b7bfa6d1') in 0.016116 seconds 
  Import took 0.021341 seconds .

========================================================================
Received Import Request.
  Time since last request: 5.868150 seconds.
  path: Assets/Prefabs/Cannoneer.prefab
  artifactKey: Guid(11c17ae75a974bd4089b02c7aa2b242f) Importer(815301076,1909f56bfc062723c751e8b465ee728b)
Start importing Assets/Prefabs/Cannoneer.prefab using Guid(11c17ae75a974bd4089b02c7aa2b242f) Importer(815301076,1909f56bfc062723c751e8b465ee728b)  -> (artifact id: '1e9f7ff700ee96a10682062dc4d91a69') in 0.028496 seconds 
  Import took 0.035798 seconds .

========================================================================
Received Import Request.
  Time since last request: 15.456550 seconds.
  path: Assets/Prefabs/Cannoneer.prefab
  artifactKey: Guid(11c17ae75a974bd4089b02c7aa2b242f) Importer(815301076,1909f56bfc062723c751e8b465ee728b)
Start importing Assets/Prefabs/Cannoneer.prefab using Guid(11c17ae75a974bd4089b02c7aa2b242f) Importer(815301076,1909f56bfc062723c751e8b465ee728b)  -> (artifact id: '8541ff8ff4d29b31c27ec950c265027d') in 0.019924 seconds 
  Import took 0.028081 seconds .

========================================================================
Received Import Request.
  Time since last request: 7.958105 seconds.
  path: Assets/Prefabs/Cannoneer.prefab
  artifactKey: Guid(11c17ae75a974bd4089b02c7aa2b242f) Importer(815301076,1909f56bfc062723c751e8b465ee728b)
Start importing Assets/Prefabs/Cannoneer.prefab using Guid(11c17ae75a974bd4089b02c7aa2b242f) Importer(815301076,1909f56bfc062723c751e8b465ee728b)  -> (artifact id: 'f4cb8c314a1e21e5858ebf6f9867e9fc') in 0.093147 seconds 
  Import took 0.119741 seconds .

========================================================================
Received Import Request.
  Time since last request: 4.439398 seconds.
  path: Assets/Prefabs/Cannoneer.prefab
  artifactKey: Guid(11c17ae75a974bd4089b02c7aa2b242f) Importer(815301076,1909f56bfc062723c751e8b465ee728b)
Start importing Assets/Prefabs/Cannoneer.prefab using Guid(11c17ae75a974bd4089b02c7aa2b242f) Importer(815301076,1909f56bfc062723c751e8b465ee728b)  -> (artifact id: 'db373fb33d254e05a442437cf72c008e') in 0.069315 seconds 
  Import took 0.092750 seconds .

========================================================================
Received Import Request.
  Time since last request: 3.623644 seconds.
  path: Assets/Prefabs/Cannoneer.prefab
  artifactKey: Guid(11c17ae75a974bd4089b02c7aa2b242f) Importer(815301076,1909f56bfc062723c751e8b465ee728b)
Start importing Assets/Prefabs/Cannoneer.prefab using Guid(11c17ae75a974bd4089b02c7aa2b242f) Importer(815301076,1909f56bfc062723c751e8b465ee728b)  -> (artifact id: '6865a943c3fb10c704aa30cfce8db60a') in 0.018495 seconds 
  Import took 0.024066 seconds .

========================================================================
Received Import Request.
  Time since last request: 1.632084 seconds.
  path: Assets/Prefabs/Cannoneer.prefab
  artifactKey: Guid(11c17ae75a974bd4089b02c7aa2b242f) Importer(815301076,1909f56bfc062723c751e8b465ee728b)
Start importing Assets/Prefabs/Cannoneer.prefab using Guid(11c17ae75a974bd4089b02c7aa2b242f) Importer(815301076,1909f56bfc062723c751e8b465ee728b)  -> (artifact id: 'f927abbec82c6ef3fba8511fb4ddc762') in 0.017673 seconds 
  Import took 0.026267 seconds .

========================================================================
Received Import Request.
  Time since last request: 20.190087 seconds.
  path: Assets/Prefabs/Cannoneer.prefab
  artifactKey: Guid(11c17ae75a974bd4089b02c7aa2b242f) Importer(815301076,1909f56bfc062723c751e8b465ee728b)
Start importing Assets/Prefabs/Cannoneer.prefab using Guid(11c17ae75a974bd4089b02c7aa2b242f) Importer(815301076,1909f56bfc062723c751e8b465ee728b)  -> (artifact id: '2edfaf03bd2f11cb8b7d17947c27edc1') in 0.020414 seconds 
  Import took 0.028412 seconds .

========================================================================
Received Import Request.
  Time since last request: 3.717759 seconds.
  path: Assets/Prefabs/Cannoneer.prefab
  artifactKey: Guid(11c17ae75a974bd4089b02c7aa2b242f) Importer(815301076,1909f56bfc062723c751e8b465ee728b)
Start importing Assets/Prefabs/Cannoneer.prefab using Guid(11c17ae75a974bd4089b02c7aa2b242f) Importer(815301076,1909f56bfc062723c751e8b465ee728b)  -> (artifact id: '33d374b7c857eeee9e068327723e787e') in 0.023105 seconds 
  Import took 0.029815 seconds .

========================================================================
Received Import Request.
  Time since last request: 4.941407 seconds.
  path: Assets/Prefabs/Cannoneer.prefab
  artifactKey: Guid(11c17ae75a974bd4089b02c7aa2b242f) Importer(815301076,1909f56bfc062723c751e8b465ee728b)
Start importing Assets/Prefabs/Cannoneer.prefab using Guid(11c17ae75a974bd4089b02c7aa2b242f) Importer(815301076,1909f56bfc062723c751e8b465ee728b)  -> (artifact id: '74e03c5d7e0c87b3ee35431942818bc2') in 0.022545 seconds 
  Import took 0.030408 seconds .

========================================================================
Received Import Request.
  Time since last request: 7.642111 seconds.
  path: Assets/Prefabs/Cannoneer.prefab
  artifactKey: Guid(11c17ae75a974bd4089b02c7aa2b242f) Importer(815301076,1909f56bfc062723c751e8b465ee728b)
Start importing Assets/Prefabs/Cannoneer.prefab using Guid(11c17ae75a974bd4089b02c7aa2b242f) Importer(815301076,1909f56bfc062723c751e8b465ee728b)  -> (artifact id: 'a7cf5685885287fd3739d0f56cbe2fed') in 0.045104 seconds 
  Import took 0.062141 seconds .

========================================================================
Received Import Request.
  Time since last request: 8.932663 seconds.
  path: Assets/Prefabs/Cannoneer.prefab
  artifactKey: Guid(11c17ae75a974bd4089b02c7aa2b242f) Importer(815301076,1909f56bfc062723c751e8b465ee728b)
Start importing Assets/Prefabs/Cannoneer.prefab using Guid(11c17ae75a974bd4089b02c7aa2b242f) Importer(815301076,1909f56bfc062723c751e8b465ee728b)  -> (artifact id: 'ef02a28cb3fb0e6951ca311fcfb57a46') in 0.024621 seconds 
  Import took 0.033681 seconds .

========================================================================
Received Import Request.
  Time since last request: 12.579352 seconds.
  path: Assets/Prefabs/Cannoneer.prefab
  artifactKey: Guid(11c17ae75a974bd4089b02c7aa2b242f) Importer(815301076,1909f56bfc062723c751e8b465ee728b)
Start importing Assets/Prefabs/Cannoneer.prefab using Guid(11c17ae75a974bd4089b02c7aa2b242f) Importer(815301076,1909f56bfc062723c751e8b465ee728b)  -> (artifact id: 'aed4011abf2e74a36cd85eac97256104') in 0.047294 seconds 
  Import took 0.060980 seconds .

========================================================================
Received Import Request.
  Time since last request: 25.804255 seconds.
  path: Assets/Prefabs/Cannoneer.prefab
  artifactKey: Guid(11c17ae75a974bd4089b02c7aa2b242f) Importer(815301076,1909f56bfc062723c751e8b465ee728b)
Start importing Assets/Prefabs/Cannoneer.prefab using Guid(11c17ae75a974bd4089b02c7aa2b242f) Importer(815301076,1909f56bfc062723c751e8b465ee728b)  -> (artifact id: 'dbdea44ed83c8d4aa1acfb2d31b7b270') in 0.025441 seconds 
  Import took 0.033176 seconds .

========================================================================
Received Import Request.
  Time since last request: 17.378655 seconds.
  path: Assets/Prefabs/Cannoneer.prefab
  artifactKey: Guid(11c17ae75a974bd4089b02c7aa2b242f) Importer(815301076,1909f56bfc062723c751e8b465ee728b)
Start importing Assets/Prefabs/Cannoneer.prefab using Guid(11c17ae75a974bd4089b02c7aa2b242f) Importer(815301076,1909f56bfc062723c751e8b465ee728b)  -> (artifact id: '5b92788a0e45646d40e8ad62dcf834ec') in 0.021015 seconds 
  Import took 0.027273 seconds .

========================================================================
Received Import Request.
  Time since last request: 6.842697 seconds.
  path: Assets/Prefabs/Cannoneer.prefab
  artifactKey: Guid(11c17ae75a974bd4089b02c7aa2b242f) Importer(815301076,1909f56bfc062723c751e8b465ee728b)
Start importing Assets/Prefabs/Cannoneer.prefab using Guid(11c17ae75a974bd4089b02c7aa2b242f) Importer(815301076,1909f56bfc062723c751e8b465ee728b)  -> (artifact id: 'b1c3c6924d99ec648308158325c04ae1') in 0.050995 seconds 
  Import took 0.061486 seconds .

========================================================================
Received Import Request.
  Time since last request: 12.133532 seconds.
  path: Assets/Prefabs/Cannoneer.prefab
  artifactKey: Guid(11c17ae75a974bd4089b02c7aa2b242f) Importer(815301076,1909f56bfc062723c751e8b465ee728b)
Start importing Assets/Prefabs/Cannoneer.prefab using Guid(11c17ae75a974bd4089b02c7aa2b242f) Importer(815301076,1909f56bfc062723c751e8b465ee728b)  -> (artifact id: '83aef04aa30ea806b5b21f203302ca86') in 0.025196 seconds 
  Import took 0.033508 seconds .

========================================================================
Received Import Request.
  Time since last request: 17.316405 seconds.
  path: Assets/Prefabs/Cannoneer.prefab
  artifactKey: Guid(11c17ae75a974bd4089b02c7aa2b242f) Importer(815301076,1909f56bfc062723c751e8b465ee728b)
Start importing Assets/Prefabs/Cannoneer.prefab using Guid(11c17ae75a974bd4089b02c7aa2b242f) Importer(815301076,1909f56bfc062723c751e8b465ee728b)  -> (artifact id: 'dfcaeabf21dc24dcbafda7c576a3ebcd') in 0.065338 seconds 
  Import took 0.085461 seconds .

========================================================================
Received Import Request.
  Time since last request: 48.292483 seconds.
  path: Assets/Prefabs/Cannoneer.prefab
  artifactKey: Guid(11c17ae75a974bd4089b02c7aa2b242f) Importer(815301076,1909f56bfc062723c751e8b465ee728b)
Start importing Assets/Prefabs/Cannoneer.prefab using Guid(11c17ae75a974bd4089b02c7aa2b242f) Importer(815301076,1909f56bfc062723c751e8b465ee728b)  -> (artifact id: '0bde1d65141057102d00751731638720') in 0.022258 seconds 
  Import took 0.028268 seconds .

========================================================================
Received Import Request.
  Time since last request: 7.733747 seconds.
  path: Assets/Prefabs/Cannoneer.prefab
  artifactKey: Guid(11c17ae75a974bd4089b02c7aa2b242f) Importer(815301076,1909f56bfc062723c751e8b465ee728b)
Start importing Assets/Prefabs/Cannoneer.prefab using Guid(11c17ae75a974bd4089b02c7aa2b242f) Importer(815301076,1909f56bfc062723c751e8b465ee728b)  -> (artifact id: 'df1287591edbe380b012bf66e4a41d0f') in 0.025595 seconds 
  Import took 0.031552 seconds .

========================================================================
Received Import Request.
  Time since last request: 11.314073 seconds.
  path: Assets/Prefabs/Cannoneer.prefab
  artifactKey: Guid(11c17ae75a974bd4089b02c7aa2b242f) Importer(815301076,1909f56bfc062723c751e8b465ee728b)
Start importing Assets/Prefabs/Cannoneer.prefab using Guid(11c17ae75a974bd4089b02c7aa2b242f) Importer(815301076,1909f56bfc062723c751e8b465ee728b)  -> (artifact id: '9a0ed82916acf2083bf74bb00cfa851c') in 0.020296 seconds 
  Import took 0.027038 seconds .

========================================================================
Received Import Request.
  Time since last request: 5.367180 seconds.
  path: Assets/Prefabs/Cannoneer.prefab
  artifactKey: Guid(11c17ae75a974bd4089b02c7aa2b242f) Importer(815301076,1909f56bfc062723c751e8b465ee728b)
Start importing Assets/Prefabs/Cannoneer.prefab using Guid(11c17ae75a974bd4089b02c7aa2b242f) Importer(815301076,1909f56bfc062723c751e8b465ee728b)  -> (artifact id: '284669553850f187208f14bb3796cae1') in 0.028433 seconds 
  Import took 0.038025 seconds .

========================================================================
Received Import Request.
  Time since last request: 4.204044 seconds.
  path: Assets/Prefabs/Cannoneer.prefab
  artifactKey: Guid(11c17ae75a974bd4089b02c7aa2b242f) Importer(815301076,1909f56bfc062723c751e8b465ee728b)
Start importing Assets/Prefabs/Cannoneer.prefab using Guid(11c17ae75a974bd4089b02c7aa2b242f) Importer(815301076,1909f56bfc062723c751e8b465ee728b)  -> (artifact id: '57ece965c7b87008aa3a42d889183f25') in 0.026772 seconds 
  Import took 0.033430 seconds .

========================================================================
Received Import Request.
  Time since last request: 8.200766 seconds.
  path: Assets/Prefabs/Cannoneer.prefab
  artifactKey: Guid(11c17ae75a974bd4089b02c7aa2b242f) Importer(815301076,1909f56bfc062723c751e8b465ee728b)
Start importing Assets/Prefabs/Cannoneer.prefab using Guid(11c17ae75a974bd4089b02c7aa2b242f) Importer(815301076,1909f56bfc062723c751e8b465ee728b)  -> (artifact id: 'bb519b22ab39db7b19936eb672706f89') in 0.031810 seconds 
  Import took 0.040155 seconds .

========================================================================
Received Import Request.
  Time since last request: 1.952784 seconds.
  path: Assets/Prefabs/Cannoneer.prefab
  artifactKey: Guid(11c17ae75a974bd4089b02c7aa2b242f) Importer(815301076,1909f56bfc062723c751e8b465ee728b)
Start importing Assets/Prefabs/Cannoneer.prefab using Guid(11c17ae75a974bd4089b02c7aa2b242f) Importer(815301076,1909f56bfc062723c751e8b465ee728b)  -> (artifact id: '46c370b3f720e6037d9a965bf0dac059') in 0.018285 seconds 
  Import took 0.026411 seconds .

========================================================================
Received Import Request.
  Time since last request: 33.466149 seconds.
  path: Assets/Prefabs/Cannoneer.prefab
  artifactKey: Guid(11c17ae75a974bd4089b02c7aa2b242f) Importer(815301076,1909f56bfc062723c751e8b465ee728b)
Start importing Assets/Prefabs/Cannoneer.prefab using Guid(11c17ae75a974bd4089b02c7aa2b242f) Importer(815301076,1909f56bfc062723c751e8b465ee728b)  -> (artifact id: 'c2e95b8a0672f376ef90a7b81f86fbbd') in 0.086985 seconds 
  Import took 0.117146 seconds .

========================================================================
Received Import Request.
  Time since last request: 5.226441 seconds.
  path: Assets/Prefabs/Cannoneer.prefab
  artifactKey: Guid(11c17ae75a974bd4089b02c7aa2b242f) Importer(815301076,1909f56bfc062723c751e8b465ee728b)
Start importing Assets/Prefabs/Cannoneer.prefab using Guid(11c17ae75a974bd4089b02c7aa2b242f) Importer(815301076,1909f56bfc062723c751e8b465ee728b)  -> (artifact id: '48261319f5e2652fc40085407f40cffc') in 0.025238 seconds 
  Import took 0.032871 seconds .

========================================================================
Received Import Request.
  Time since last request: 3.255418 seconds.
  path: Assets/Prefabs/Cannoneer.prefab
  artifactKey: Guid(11c17ae75a974bd4089b02c7aa2b242f) Importer(815301076,1909f56bfc062723c751e8b465ee728b)
Start importing Assets/Prefabs/Cannoneer.prefab using Guid(11c17ae75a974bd4089b02c7aa2b242f) Importer(815301076,1909f56bfc062723c751e8b465ee728b)  -> (artifact id: 'fd75bf655fd7f6038077cf4c5c60a520') in 0.064282 seconds 
  Import took 0.083081 seconds .

========================================================================
Received Import Request.
  Time since last request: 3.352837 seconds.
  path: Assets/Prefabs/Cannoneer.prefab
  artifactKey: Guid(11c17ae75a974bd4089b02c7aa2b242f) Importer(815301076,1909f56bfc062723c751e8b465ee728b)
Start importing Assets/Prefabs/Cannoneer.prefab using Guid(11c17ae75a974bd4089b02c7aa2b242f) Importer(815301076,1909f56bfc062723c751e8b465ee728b)  -> (artifact id: '5d738c1e76326221139125adab0e416c') in 0.043618 seconds 
  Import took 0.053859 seconds .

========================================================================
Received Import Request.
  Time since last request: 5.726775 seconds.
  path: Assets/Prefabs/Cannoneer.prefab
  artifactKey: Guid(11c17ae75a974bd4089b02c7aa2b242f) Importer(815301076,1909f56bfc062723c751e8b465ee728b)
Start importing Assets/Prefabs/Cannoneer.prefab using Guid(11c17ae75a974bd4089b02c7aa2b242f) Importer(815301076,1909f56bfc062723c751e8b465ee728b)  -> (artifact id: 'c7a727111af5922559ef26ba177c43eb') in 0.032698 seconds 
  Import took 0.039920 seconds .

========================================================================
Received Import Request.
  Time since last request: 20.943119 seconds.
  path: Assets/Prefabs/Cannoneer.prefab
  artifactKey: Guid(11c17ae75a974bd4089b02c7aa2b242f) Importer(815301076,1909f56bfc062723c751e8b465ee728b)
Start importing Assets/Prefabs/Cannoneer.prefab using Guid(11c17ae75a974bd4089b02c7aa2b242f) Importer(815301076,1909f56bfc062723c751e8b465ee728b)  -> (artifact id: 'b1f72f62a042790daee87222c9b12068') in 0.055999 seconds 
  Import took 0.073120 seconds .

========================================================================
Received Import Request.
  Time since last request: 13.498009 seconds.
  path: Assets/Prefabs/Cannoneer.prefab
  artifactKey: Guid(11c17ae75a974bd4089b02c7aa2b242f) Importer(815301076,1909f56bfc062723c751e8b465ee728b)
Start importing Assets/Prefabs/Cannoneer.prefab using Guid(11c17ae75a974bd4089b02c7aa2b242f) Importer(815301076,1909f56bfc062723c751e8b465ee728b)  -> (artifact id: '2e158a277130dac4d2c26cbc8c6b5103') in 0.041537 seconds 
  Import took 0.054106 seconds .

========================================================================
Received Import Request.
  Time since last request: 15.840142 seconds.
  path: Assets/Prefabs/Cannoneer.prefab
  artifactKey: Guid(11c17ae75a974bd4089b02c7aa2b242f) Importer(815301076,1909f56bfc062723c751e8b465ee728b)
Start importing Assets/Prefabs/Cannoneer.prefab using Guid(11c17ae75a974bd4089b02c7aa2b242f) Importer(815301076,1909f56bfc062723c751e8b465ee728b)  -> (artifact id: '0d5a3a1d2e845c597fa4979722f3e750') in 0.018899 seconds 
  Import took 0.024600 seconds .

========================================================================
Received Import Request.
  Time since last request: 30.968774 seconds.
  path: Assets/Prefabs/Cannoneer.prefab
  artifactKey: Guid(11c17ae75a974bd4089b02c7aa2b242f) Importer(815301076,1909f56bfc062723c751e8b465ee728b)
Start importing Assets/Prefabs/Cannoneer.prefab using Guid(11c17ae75a974bd4089b02c7aa2b242f) Importer(815301076,1909f56bfc062723c751e8b465ee728b)  -> (artifact id: '848931ddfb3e8bae756fa57f6811cabc') in 0.019896 seconds 
  Import took 0.025653 seconds .

========================================================================
Received Import Request.
  Time since last request: 8.667838 seconds.
  path: Assets/Prefabs/Cannoneer.prefab
  artifactKey: Guid(11c17ae75a974bd4089b02c7aa2b242f) Importer(815301076,1909f56bfc062723c751e8b465ee728b)
Start importing Assets/Prefabs/Cannoneer.prefab using Guid(11c17ae75a974bd4089b02c7aa2b242f) Importer(815301076,1909f56bfc062723c751e8b465ee728b)  -> (artifact id: 'bfbc643a39249c0bc00bffed57cc3c53') in 0.030866 seconds 
  Import took 0.039174 seconds .

========================================================================
Received Import Request.
  Time since last request: 12.011608 seconds.
  path: Assets/Prefabs/Cannoneer.prefab
  artifactKey: Guid(11c17ae75a974bd4089b02c7aa2b242f) Importer(815301076,1909f56bfc062723c751e8b465ee728b)
Start importing Assets/Prefabs/Cannoneer.prefab using Guid(11c17ae75a974bd4089b02c7aa2b242f) Importer(815301076,1909f56bfc062723c751e8b465ee728b)  -> (artifact id: 'a816535f9aa0132bd7d1e75352218b10') in 0.023063 seconds 
  Import took 0.031305 seconds .

========================================================================
Received Import Request.
  Time since last request: 9.017152 seconds.
  path: Assets/Prefabs/Cannoneer.prefab
  artifactKey: Guid(11c17ae75a974bd4089b02c7aa2b242f) Importer(815301076,1909f56bfc062723c751e8b465ee728b)
Start importing Assets/Prefabs/Cannoneer.prefab using Guid(11c17ae75a974bd4089b02c7aa2b242f) Importer(815301076,1909f56bfc062723c751e8b465ee728b)  -> (artifact id: '28a8277b4d5bc7965e8471d110423d3a') in 0.039552 seconds 
  Import took 0.049097 seconds .

========================================================================
Received Import Request.
  Time since last request: 6.531181 seconds.
  path: Assets/Prefabs/Cannoneer.prefab
  artifactKey: Guid(11c17ae75a974bd4089b02c7aa2b242f) Importer(815301076,1909f56bfc062723c751e8b465ee728b)
Start importing Assets/Prefabs/Cannoneer.prefab using Guid(11c17ae75a974bd4089b02c7aa2b242f) Importer(815301076,1909f56bfc062723c751e8b465ee728b)  -> (artifact id: '170c65315a30fc6ccb4f04b220af7bee') in 0.021856 seconds 
  Import took 0.030916 seconds .

========================================================================
Received Import Request.
  Time since last request: 8.575480 seconds.
  path: Assets/Prefabs/Cannoneer.prefab
  artifactKey: Guid(11c17ae75a974bd4089b02c7aa2b242f) Importer(815301076,1909f56bfc062723c751e8b465ee728b)
Start importing Assets/Prefabs/Cannoneer.prefab using Guid(11c17ae75a974bd4089b02c7aa2b242f) Importer(815301076,1909f56bfc062723c751e8b465ee728b)  -> (artifact id: 'c86fbb694bc6e11184114576ac61f447') in 0.021832 seconds 
  Import took 0.028823 seconds .

========================================================================
Received Import Request.
  Time since last request: 18.844057 seconds.
  path: Assets/Prefabs/Cannoneer.prefab
  artifactKey: Guid(11c17ae75a974bd4089b02c7aa2b242f) Importer(815301076,1909f56bfc062723c751e8b465ee728b)
Start importing Assets/Prefabs/Cannoneer.prefab using Guid(11c17ae75a974bd4089b02c7aa2b242f) Importer(815301076,1909f56bfc062723c751e8b465ee728b)  -> (artifact id: '1e35e810535ee8945b1219ef96143c25') in 0.021331 seconds 
  Import took 0.028073 seconds .

========================================================================
Received Import Request.
  Time since last request: 21.172167 seconds.
  path: Assets/Prefabs/Cannoneer.prefab
  artifactKey: Guid(11c17ae75a974bd4089b02c7aa2b242f) Importer(815301076,1909f56bfc062723c751e8b465ee728b)
Start importing Assets/Prefabs/Cannoneer.prefab using Guid(11c17ae75a974bd4089b02c7aa2b242f) Importer(815301076,1909f56bfc062723c751e8b465ee728b)  -> (artifact id: '257aec0902681f1e1478a5506c554a00') in 0.044331 seconds 
  Import took 0.108313 seconds .

========================================================================
Received Import Request.
  Time since last request: 7.988109 seconds.
  path: Assets/Prefabs/Cannoneer.prefab
  artifactKey: Guid(11c17ae75a974bd4089b02c7aa2b242f) Importer(815301076,1909f56bfc062723c751e8b465ee728b)
Start importing Assets/Prefabs/Cannoneer.prefab using Guid(11c17ae75a974bd4089b02c7aa2b242f) Importer(815301076,1909f56bfc062723c751e8b465ee728b)  -> (artifact id: '0977bbb235885f3a20a7517a81717e71') in 0.069973 seconds 
  Import took 0.097163 seconds .

========================================================================
Received Import Request.
  Time since last request: 11.373317 seconds.
  path: Assets/Prefabs/Cannoneer.prefab
  artifactKey: Guid(11c17ae75a974bd4089b02c7aa2b242f) Importer(815301076,1909f56bfc062723c751e8b465ee728b)
Start importing Assets/Prefabs/Cannoneer.prefab using Guid(11c17ae75a974bd4089b02c7aa2b242f) Importer(815301076,1909f56bfc062723c751e8b465ee728b)  -> (artifact id: 'b26915f2b1ba0be94f7e9d1e9c0a3bf9') in 0.019217 seconds 
  Import took 0.024928 seconds .

========================================================================
Received Import Request.
  Time since last request: 86.354922 seconds.
  path: Assets/Prefabs/Cannoneer.prefab
  artifactKey: Guid(11c17ae75a974bd4089b02c7aa2b242f) Importer(815301076,1909f56bfc062723c751e8b465ee728b)
Start importing Assets/Prefabs/Cannoneer.prefab using Guid(11c17ae75a974bd4089b02c7aa2b242f) Importer(815301076,1909f56bfc062723c751e8b465ee728b)  -> (artifact id: 'f930236742a03596824bafdeb825649b') in 0.018146 seconds 
  Import took 0.023781 seconds .

========================================================================
Received Import Request.
  Time since last request: 26.732658 seconds.
  path: Assets/Prefabs/Cannoneer.prefab
  artifactKey: Guid(11c17ae75a974bd4089b02c7aa2b242f) Importer(815301076,1909f56bfc062723c751e8b465ee728b)
Start importing Assets/Prefabs/Cannoneer.prefab using Guid(11c17ae75a974bd4089b02c7aa2b242f) Importer(815301076,1909f56bfc062723c751e8b465ee728b)  -> (artifact id: '7263d07e09ddce38431ae6d924dcb6c9') in 0.019943 seconds 
  Import took 0.026540 seconds .

========================================================================
Received Import Request.
  Time since last request: 1.901350 seconds.
  path: Assets/Prefabs/Cannoneer.prefab
  artifactKey: Guid(11c17ae75a974bd4089b02c7aa2b242f) Importer(815301076,1909f56bfc062723c751e8b465ee728b)
Start importing Assets/Prefabs/Cannoneer.prefab using Guid(11c17ae75a974bd4089b02c7aa2b242f) Importer(815301076,1909f56bfc062723c751e8b465ee728b)  -> (artifact id: '59b2a5a2c7eb6e297e98dc8a48166b00') in 0.030737 seconds 
  Import took 0.039238 seconds .

========================================================================
Received Import Request.
  Time since last request: 12.567292 seconds.
  path: Assets/Prefabs/Cannoneer.prefab
  artifactKey: Guid(11c17ae75a974bd4089b02c7aa2b242f) Importer(815301076,1909f56bfc062723c751e8b465ee728b)
Start importing Assets/Prefabs/Cannoneer.prefab using Guid(11c17ae75a974bd4089b02c7aa2b242f) Importer(815301076,1909f56bfc062723c751e8b465ee728b)  -> (artifact id: '9832b33b16a820c7eb15c999330d1208') in 0.023790 seconds 
  Import took 0.030740 seconds .

========================================================================
Received Import Request.
  Time since last request: 26.256227 seconds.
  path: Assets/Prefabs/Cannoneer.prefab
  artifactKey: Guid(11c17ae75a974bd4089b02c7aa2b242f) Importer(815301076,1909f56bfc062723c751e8b465ee728b)
Start importing Assets/Prefabs/Cannoneer.prefab using Guid(11c17ae75a974bd4089b02c7aa2b242f) Importer(815301076,1909f56bfc062723c751e8b465ee728b)  -> (artifact id: '831bc09f4a64890bdffbef3a36c5908d') in 0.051357 seconds 
  Import took 0.063512 seconds .

========================================================================
Received Import Request.
  Time since last request: 5.051620 seconds.
  path: Assets/Prefabs/Cannoneer.prefab
  artifactKey: Guid(11c17ae75a974bd4089b02c7aa2b242f) Importer(815301076,1909f56bfc062723c751e8b465ee728b)
Start importing Assets/Prefabs/Cannoneer.prefab using Guid(11c17ae75a974bd4089b02c7aa2b242f) Importer(815301076,1909f56bfc062723c751e8b465ee728b)  -> (artifact id: '859a6b7313208a89db9c013b21ec0877') in 0.026564 seconds 
  Import took 0.035529 seconds .

========================================================================
Received Import Request.
  Time since last request: 2.268500 seconds.
  path: Assets/Prefabs/Cannoneer.prefab
  artifactKey: Guid(11c17ae75a974bd4089b02c7aa2b242f) Importer(815301076,1909f56bfc062723c751e8b465ee728b)
Start importing Assets/Prefabs/Cannoneer.prefab using Guid(11c17ae75a974bd4089b02c7aa2b242f) Importer(815301076,1909f56bfc062723c751e8b465ee728b)  -> (artifact id: '4f545f0c8ef35fcce8b9e3e501e3b0ac') in 0.026225 seconds 
  Import took 0.034626 seconds .

========================================================================
Received Import Request.
  Time since last request: 2.123445 seconds.
  path: Assets/Prefabs/Cannoneer.prefab
  artifactKey: Guid(11c17ae75a974bd4089b02c7aa2b242f) Importer(815301076,1909f56bfc062723c751e8b465ee728b)
Start importing Assets/Prefabs/Cannoneer.prefab using Guid(11c17ae75a974bd4089b02c7aa2b242f) Importer(815301076,1909f56bfc062723c751e8b465ee728b)  -> (artifact id: '315b1634c1d1c19f02cc814638aabb58') in 0.054802 seconds 
  Import took 0.067579 seconds .

========================================================================
Received Import Request.
  Time since last request: 94.942998 seconds.
  path: Assets/Prefabs/Cannoneer.prefab
  artifactKey: Guid(11c17ae75a974bd4089b02c7aa2b242f) Importer(815301076,1909f56bfc062723c751e8b465ee728b)
Start importing Assets/Prefabs/Cannoneer.prefab using Guid(11c17ae75a974bd4089b02c7aa2b242f) Importer(815301076,1909f56bfc062723c751e8b465ee728b)  -> (artifact id: 'd06f627dc05a645d715ee3f01c6a64ff') in 0.022814 seconds 
  Import took 0.029926 seconds .

========================================================================
Received Import Request.
  Time since last request: 9.302626 seconds.
  path: Assets/Prefabs/Cannoneer.prefab
  artifactKey: Guid(11c17ae75a974bd4089b02c7aa2b242f) Importer(815301076,1909f56bfc062723c751e8b465ee728b)
Start importing Assets/Prefabs/Cannoneer.prefab using Guid(11c17ae75a974bd4089b02c7aa2b242f) Importer(815301076,1909f56bfc062723c751e8b465ee728b)  -> (artifact id: 'f9f2987aca0efc733f8417a9123a8e73') in 0.020015 seconds 
  Import took 0.025716 seconds .

========================================================================
Received Import Request.
  Time since last request: 110.705391 seconds.
  path: Assets/Prefabs/Cannoneer.prefab
  artifactKey: Guid(11c17ae75a974bd4089b02c7aa2b242f) Importer(815301076,1909f56bfc062723c751e8b465ee728b)
Start importing Assets/Prefabs/Cannoneer.prefab using Guid(11c17ae75a974bd4089b02c7aa2b242f) Importer(815301076,1909f56bfc062723c751e8b465ee728b)  -> (artifact id: 'a1f2b67d96fcd69767c4d0e5c76bdba5') in 0.020232 seconds 
  Import took 0.027325 seconds .

========================================================================
Received Import Request.
  Time since last request: 9.012003 seconds.
  path: Assets/Prefabs/Cannoneer.prefab
  artifactKey: Guid(11c17ae75a974bd4089b02c7aa2b242f) Importer(815301076,1909f56bfc062723c751e8b465ee728b)
Start importing Assets/Prefabs/Cannoneer.prefab using Guid(11c17ae75a974bd4089b02c7aa2b242f) Importer(815301076,1909f56bfc062723c751e8b465ee728b)  -> (artifact id: 'b7154997c3eee6b615f95c074f51d280') in 0.074560 seconds 
  Import took 0.093256 seconds .

========================================================================
Received Import Request.
  Time since last request: 1.340831 seconds.
  path: Assets/Prefabs/Cannoneer.prefab
  artifactKey: Guid(11c17ae75a974bd4089b02c7aa2b242f) Importer(815301076,1909f56bfc062723c751e8b465ee728b)
Start importing Assets/Prefabs/Cannoneer.prefab using Guid(11c17ae75a974bd4089b02c7aa2b242f) Importer(815301076,1909f56bfc062723c751e8b465ee728b)  -> (artifact id: '356ff9ec38b5bc0b6271faa2ffea67ce') in 0.098476 seconds 
  Import took 0.121476 seconds .

========================================================================
Received Import Request.
  Time since last request: 27.697602 seconds.
  path: Assets/Prefabs/Cannoneer.prefab
  artifactKey: Guid(11c17ae75a974bd4089b02c7aa2b242f) Importer(815301076,1909f56bfc062723c751e8b465ee728b)
Start importing Assets/Prefabs/Cannoneer.prefab using Guid(11c17ae75a974bd4089b02c7aa2b242f) Importer(815301076,1909f56bfc062723c751e8b465ee728b)  -> (artifact id: '6ea363e3eb4c55317897398fe797d021') in 0.031918 seconds 
  Import took 0.039773 seconds .

========================================================================
Received Import Request.
  Time since last request: 29.169202 seconds.
  path: Assets/Prefabs/Cannoneer.prefab
  artifactKey: Guid(11c17ae75a974bd4089b02c7aa2b242f) Importer(815301076,1909f56bfc062723c751e8b465ee728b)
Start importing Assets/Prefabs/Cannoneer.prefab using Guid(11c17ae75a974bd4089b02c7aa2b242f) Importer(815301076,1909f56bfc062723c751e8b465ee728b)  -> (artifact id: '87f891e595d24dc9a3847db083d37a72') in 0.072526 seconds 
  Import took 0.097664 seconds .

========================================================================
Received Import Request.
  Time since last request: 72.290072 seconds.
  path: Assets/Prefabs/Cannoneer.prefab
  artifactKey: Guid(11c17ae75a974bd4089b02c7aa2b242f) Importer(815301076,1909f56bfc062723c751e8b465ee728b)
Start importing Assets/Prefabs/Cannoneer.prefab using Guid(11c17ae75a974bd4089b02c7aa2b242f) Importer(815301076,1909f56bfc062723c751e8b465ee728b)  -> (artifact id: 'eec3c2b02fdffd13110583c60e37b4f1') in 0.019977 seconds 
  Import took 0.025612 seconds .

========================================================================
Received Import Request.
  Time since last request: 7.385854 seconds.
  path: Assets/Prefabs/Cannoneer.prefab
  artifactKey: Guid(11c17ae75a974bd4089b02c7aa2b242f) Importer(815301076,1909f56bfc062723c751e8b465ee728b)
Start importing Assets/Prefabs/Cannoneer.prefab using Guid(11c17ae75a974bd4089b02c7aa2b242f) Importer(815301076,1909f56bfc062723c751e8b465ee728b)  -> (artifact id: '667f98e3c5a0633255dbb4d497bc7757') in 0.042390 seconds 
  Import took 0.053417 seconds .

========================================================================
Received Import Request.
  Time since last request: 9.326677 seconds.
  path: Assets/Prefabs/Cannoneer.prefab
  artifactKey: Guid(11c17ae75a974bd4089b02c7aa2b242f) Importer(815301076,1909f56bfc062723c751e8b465ee728b)
Start importing Assets/Prefabs/Cannoneer.prefab using Guid(11c17ae75a974bd4089b02c7aa2b242f) Importer(815301076,1909f56bfc062723c751e8b465ee728b)  -> (artifact id: 'a1d38f9cbc722d7f435e9db3ea448946') in 0.023827 seconds 
  Import took 0.032824 seconds .

========================================================================
Received Import Request.
  Time since last request: 3.382175 seconds.
  path: Assets/Prefabs/Cannoneer.prefab
  artifactKey: Guid(11c17ae75a974bd4089b02c7aa2b242f) Importer(815301076,1909f56bfc062723c751e8b465ee728b)
Start importing Assets/Prefabs/Cannoneer.prefab using Guid(11c17ae75a974bd4089b02c7aa2b242f) Importer(815301076,1909f56bfc062723c751e8b465ee728b)  -> (artifact id: '966c2b36f712e8caed188492e45a5cb0') in 0.030380 seconds 
  Import took 0.040632 seconds .

========================================================================
Received Import Request.
  Time since last request: 8.571021 seconds.
  path: Assets/Prefabs/Cannoneer.prefab
  artifactKey: Guid(11c17ae75a974bd4089b02c7aa2b242f) Importer(815301076,1909f56bfc062723c751e8b465ee728b)
Start importing Assets/Prefabs/Cannoneer.prefab using Guid(11c17ae75a974bd4089b02c7aa2b242f) Importer(815301076,1909f56bfc062723c751e8b465ee728b)  -> (artifact id: 'e6c2df29bd9228e3a88a93c0db3031f6') in 0.047896 seconds 
  Import took 0.062008 seconds .

========================================================================
Received Import Request.
  Time since last request: 3.749825 seconds.
  path: Assets/Prefabs/Cannoneer.prefab
  artifactKey: Guid(11c17ae75a974bd4089b02c7aa2b242f) Importer(815301076,1909f56bfc062723c751e8b465ee728b)
Start importing Assets/Prefabs/Cannoneer.prefab using Guid(11c17ae75a974bd4089b02c7aa2b242f) Importer(815301076,1909f56bfc062723c751e8b465ee728b)  -> (artifact id: '6d4cf8eb1a75eab4a57a1329522476eb') in 0.021456 seconds 
  Import took 0.027014 seconds .

========================================================================
Received Import Request.
  Time since last request: 40.029131 seconds.
  path: Assets/Prefabs/Cannoneer.prefab
  artifactKey: Guid(11c17ae75a974bd4089b02c7aa2b242f) Importer(815301076,1909f56bfc062723c751e8b465ee728b)
Start importing Assets/Prefabs/Cannoneer.prefab using Guid(11c17ae75a974bd4089b02c7aa2b242f) Importer(815301076,1909f56bfc062723c751e8b465ee728b)  -> (artifact id: 'd0ab4020c7f1985a4b371352dba48544') in 0.028232 seconds 
  Import took 0.037709 seconds .

========================================================================
Received Import Request.
  Time since last request: 24.837287 seconds.
  path: Assets/Prefabs/Cannoneer.prefab
  artifactKey: Guid(11c17ae75a974bd4089b02c7aa2b242f) Importer(815301076,1909f56bfc062723c751e8b465ee728b)
Start importing Assets/Prefabs/Cannoneer.prefab using Guid(11c17ae75a974bd4089b02c7aa2b242f) Importer(815301076,1909f56bfc062723c751e8b465ee728b)  -> (artifact id: '17479c7f469b5ab2d9790b50a61ab05b') in 0.074205 seconds 
  Import took 0.097417 seconds .

========================================================================
Received Import Request.
  Time since last request: 5.380777 seconds.
  path: Assets/Prefabs/Cannoneer.prefab
  artifactKey: Guid(11c17ae75a974bd4089b02c7aa2b242f) Importer(815301076,1909f56bfc062723c751e8b465ee728b)
Start importing Assets/Prefabs/Cannoneer.prefab using Guid(11c17ae75a974bd4089b02c7aa2b242f) Importer(815301076,1909f56bfc062723c751e8b465ee728b)  -> (artifact id: '4a56e9dbb36ce8f1427e9c981d262c0c') in 0.025168 seconds 
  Import took 0.033293 seconds .

========================================================================
Received Import Request.
  Time since last request: 76.765373 seconds.
  path: Assets/Prefabs/Cannoneer.prefab
  artifactKey: Guid(11c17ae75a974bd4089b02c7aa2b242f) Importer(815301076,1909f56bfc062723c751e8b465ee728b)
Start importing Assets/Prefabs/Cannoneer.prefab using Guid(11c17ae75a974bd4089b02c7aa2b242f) Importer(815301076,1909f56bfc062723c751e8b465ee728b)  -> (artifact id: '1bef7fecdf64bb5d1fb0ffeebd8cc8af') in 0.027343 seconds 
  Import took 0.036407 seconds .

========================================================================
Received Import Request.
  Time since last request: 42.873112 seconds.
  path: Assets/Prefabs/Cannoneer.prefab
  artifactKey: Guid(11c17ae75a974bd4089b02c7aa2b242f) Importer(815301076,1909f56bfc062723c751e8b465ee728b)
Start importing Assets/Prefabs/Cannoneer.prefab using Guid(11c17ae75a974bd4089b02c7aa2b242f) Importer(815301076,1909f56bfc062723c751e8b465ee728b)  -> (artifact id: 'eb4cae06ed4b599ef4c0a6e1bbacfe04') in 0.030268 seconds 
  Import took 0.039297 seconds .

========================================================================
Received Import Request.
  Time since last request: 9.341979 seconds.
  path: Assets/Prefabs/Cannoneer.prefab
  artifactKey: Guid(11c17ae75a974bd4089b02c7aa2b242f) Importer(815301076,1909f56bfc062723c751e8b465ee728b)
Start importing Assets/Prefabs/Cannoneer.prefab using Guid(11c17ae75a974bd4089b02c7aa2b242f) Importer(815301076,1909f56bfc062723c751e8b465ee728b)  -> (artifact id: '34e601211178445e50b2bf2bd0891f60') in 0.024383 seconds 
  Import took 0.031502 seconds .

========================================================================
Received Import Request.
  Time since last request: 13.947443 seconds.
  path: Assets/Prefabs/Cannoneer.prefab
  artifactKey: Guid(11c17ae75a974bd4089b02c7aa2b242f) Importer(815301076,1909f56bfc062723c751e8b465ee728b)
Start importing Assets/Prefabs/Cannoneer.prefab using Guid(11c17ae75a974bd4089b02c7aa2b242f) Importer(815301076,1909f56bfc062723c751e8b465ee728b)  -> (artifact id: '4b0bf747d8f4812f17bf2849b8fbde5c') in 0.072465 seconds 
  Import took 0.089078 seconds .

AssetImportWorkerClient::OnTransportError - code=2 error=End of file
